<?xml version="1.0" encoding="UTF-8"?>
<testsuite name="com.simon.user.schema.GraphQlModuleTest" tests="7" skipped="0" failures="0" errors="0" timestamp="2023-02-16T16:38:35" hostname="dayoff-events-kn-master-release-pnwzq-from-build-pack-pod" time="2.59">
  <properties/>
  <testcase name="provideClient()" classname="com.simon.user.schema.GraphQlModuleTest" time="0.022"/>
  <testcase name="provideSchema()" classname="com.simon.user.schema.GraphQlModuleTest" time="2.44"/>
  <testcase name="provideScope()" classname="com.simon.user.schema.GraphQlModuleTest" time="0.002"/>
  <testcase name="getGraphQlCloudEventProcessor()" classname="com.simon.user.schema.GraphQlModuleTest" time="0.002"/>
  <testcase name="provideHttpGraphqlRequestHandler()" classname="com.simon.user.schema.GraphQlModuleTest" time="0.002"/>
  <testcase name="provideGraphqlApp()" classname="com.simon.user.schema.GraphQlModuleTest" time="0.003"/>
  <testcase name="getEventPublisher()" classname="com.simon.user.schema.GraphQlModuleTest" time="0.101"/>
  <system-out><![CDATA[]]></system-out>
  <system-err><![CDATA[]]></system-err>
</testsuite>
